0 info it worked if it ends with ok
1 verbose cli [ '/home/sabrina/.nvm/versions/node/v6.10.3/bin/node',
1 verbose cli   '/home/sabrina/.nvm/versions/node/v6.10.3/bin/npm',
1 verbose cli   'start' ]
2 info using npm@3.10.10
3 info using node@v6.10.3
4 verbose stack Error: ENOENT: no such file or directory, open '/home/sabrina/wdi12/WDI_12_HOMEWORK/Sabrina/wk11/2-tue/wdi12_conf_group_hack/package.json'
4 verbose stack     at Error (native)
5 verbose cwd /home/sabrina/wdi12/WDI_12_HOMEWORK/Sabrina/wk11/2-tue/wdi12_conf_group_hack
6 error Linux 4.8.0-36-generic
7 error argv "/home/sabrina/.nvm/versions/node/v6.10.3/bin/node" "/home/sabrina/.nvm/versions/node/v6.10.3/bin/npm" "start"
8 error node v6.10.3
9 error npm  v3.10.10
10 error path /home/sabrina/wdi12/WDI_12_HOMEWORK/Sabrina/wk11/2-tue/wdi12_conf_group_hack/package.json
11 error code ENOENT
12 error errno -2
13 error syscall open
14 error enoent ENOENT: no such file or directory, open '/home/sabrina/wdi12/WDI_12_HOMEWORK/Sabrina/wk11/2-tue/wdi12_conf_group_hack/package.json'
15 error enoent ENOENT: no such file or directory, open '/home/sabrina/wdi12/WDI_12_HOMEWORK/Sabrina/wk11/2-tue/wdi12_conf_group_hack/package.json'
15 error enoent This is most likely not a problem with npm itself
15 error enoent and is related to npm not being able to find a file.
16 verbose exit [ -2, true ]
