0 info it worked if it ends with ok
1 verbose cli [ '/home/sabrina/.nvm/versions/node/v6.10.3/bin/node',
1 verbose cli   '/home/sabrina/.nvm/versions/node/v6.10.3/bin/npm',
1 verbose cli   'start' ]
2 info using npm@3.10.10
3 info using node@v6.10.3
4 verbose run-script [ 'prestart', 'start', 'poststart' ]
5 info lifecycle todoListApi@1.0.0~prestart: todoListApi@1.0.0
6 silly lifecycle todoListApi@1.0.0~prestart: no script for prestart, continuing
7 info lifecycle todoListApi@1.0.0~start: todoListApi@1.0.0
8 verbose lifecycle todoListApi@1.0.0~start: unsafe-perm in lifecycle true
9 verbose lifecycle todoListApi@1.0.0~start: PATH: /home/sabrina/.nvm/versions/node/v6.10.3/lib/node_modules/npm/bin/node-gyp-bin:/home/sabrina/wdi12/WDI_12_HOMEWORK/Sabrina/wk11/2-tue/wdi12_conf_group_hack/todoListApi/node_modules/.bin:/home/sabrina/.nvm/versions/node/v6.10.3/bin:/home/sabrina/.rvm/gems/ruby-2.4.1/bin:/home/sabrina/.rvm/gems/ruby-2.4.1@global/bin:/home/sabrina/.rvm/rubies/ruby-2.4.1/bin:/home/sabrina/bin:/home/sabrina/.local/bin:/usr/local/sbin:/usr/local/bin:/usr/sbin:/usr/bin:/sbin:/bin:/usr/games:/usr/local/games:/snap/bin:/home/sabrina/.rvm/bin:/snap/bin
10 verbose lifecycle todoListApi@1.0.0~start: CWD: /home/sabrina/wdi12/WDI_12_HOMEWORK/Sabrina/wk11/2-tue/wdi12_conf_group_hack/todoListApi
11 silly lifecycle todoListApi@1.0.0~start: Args: [ '-c', 'node server.js' ]
12 silly lifecycle todoListApi@1.0.0~start: Returned: code: 134  signal: null
13 info lifecycle todoListApi@1.0.0~start: Failed to exec start script
14 verbose stack Error: todoListApi@1.0.0 start: `node server.js`
14 verbose stack Exit status 134
14 verbose stack     at EventEmitter.<anonymous> (/home/sabrina/.nvm/versions/node/v6.10.3/lib/node_modules/npm/lib/utils/lifecycle.js:255:16)
14 verbose stack     at emitTwo (events.js:106:13)
14 verbose stack     at EventEmitter.emit (events.js:191:7)
14 verbose stack     at ChildProcess.<anonymous> (/home/sabrina/.nvm/versions/node/v6.10.3/lib/node_modules/npm/lib/utils/spawn.js:40:14)
14 verbose stack     at emitTwo (events.js:106:13)
14 verbose stack     at ChildProcess.emit (events.js:191:7)
14 verbose stack     at maybeClose (internal/child_process.js:886:16)
14 verbose stack     at Process.ChildProcess._handle.onexit (internal/child_process.js:226:5)
15 verbose pkgid todoListApi@1.0.0
16 verbose cwd /home/sabrina/wdi12/WDI_12_HOMEWORK/Sabrina/wk11/2-tue/wdi12_conf_group_hack/todoListApi
17 error Linux 4.8.0-36-generic
18 error argv "/home/sabrina/.nvm/versions/node/v6.10.3/bin/node" "/home/sabrina/.nvm/versions/node/v6.10.3/bin/npm" "start"
19 error node v6.10.3
20 error npm  v3.10.10
21 error code ELIFECYCLE
22 error todoListApi@1.0.0 start: `node server.js`
22 error Exit status 134
23 error Failed at the todoListApi@1.0.0 start script 'node server.js'.
23 error Make sure you have the latest version of node.js and npm installed.
23 error If you do, this is most likely a problem with the todoListApi package,
23 error not with npm itself.
23 error Tell the author that this fails on your system:
23 error     node server.js
23 error You can get information on how to open an issue for this project with:
23 error     npm bugs todoListApi
23 error Or if that isn't available, you can get their info via:
23 error     npm owner ls todoListApi
23 error There is likely additional logging output above.
24 verbose exit [ 1, true ]
